<?xml version="1.0" encoding="UTF-8"?>
<!-- Generated by org.testng.reporters.JUnitReportReporter -->
<testsuite hostname="P5-GKQ1N62" name="com.ajay.AdvanceSelenium.BookingTicket" tests="2" failures="0" timestamp="25 Jun 2018 12:40:43 GMT" time="7.858" errors="0">
  <testcase name="bookTicket" time="2.846" classname="com.ajay.AdvanceSelenium.BookingTicket"/>
  <testcase name="login" time="5.012" classname="com.ajay.AdvanceSelenium.BookingTicket"/>
</testsuite> <!-- com.ajay.AdvanceSelenium.BookingTicket -->
