<?xml version="1.0" encoding="UTF-8"?>
<!-- Generated by org.testng.reporters.JUnitReportReporter -->
<testsuite hostname="P5-GKQ1N62" name="com.ajay.AdvanceSelenium.BookingTicket" tests="1" failures="0" timestamp="25 Jun 2018 11:02:51 GMT" time="8.247" errors="0">
  <testcase name="login" time="8.247" classname="com.ajay.AdvanceSelenium.BookingTicket"/>
</testsuite> <!-- com.ajay.AdvanceSelenium.BookingTicket -->
